TN:
SF:script/deploy.s.sol
DA:24,17
FN:24,DeploySelfMadeToken.setOwnerOverride
FNDA:17,DeploySelfMadeToken.setOwnerOverride
DA:25,17
BRDA:25,0,0,-
BRDA:25,0,1,17
DA:26,17
DA:29,17
FN:29,DeploySelfMadeToken.run
FNDA:17,DeploySelfMadeToken.run
DA:30,17
BRDA:30,1,0,-
DA:31,0
DA:34,17
DA:36,17
DA:39,17
DA:40,17
DA:42,17
BRDA:42,2,0,17
DA:43,17
DA:44,0
BRDA:44,2,1,-
DA:45,0
DA:49,17
DA:50,17
DA:53,17
BRDA:53,3,0,-
DA:54,0
DA:55,0
DA:57,17
BRDA:57,4,0,-
DA:58,0
DA:61,0
DA:65,17
DA:66,17
DA:67,17
DA:68,17
DA:69,17
DA:70,17
DA:71,17
DA:72,17
DA:76,17
DA:77,17
DA:79,17
DA:81,17
DA:82,17
DA:83,17
DA:84,17
FNF:2
FNH:2
LF:37
LH:30
BRF:7
BRH:2
end_of_record
TN:
SF:script/helperConfig.s.sol
DA:39,0
FN:39,HelperConfig.onlyOwnerOrAnvil
FNDA:0,HelperConfig.onlyOwnerOrAnvil
DA:40,0
BRDA:40,0,0,-
DA:41,0
DA:47,17
FN:47,HelperConfig.constructor
FNDA:17,HelperConfig.constructor
DA:48,17
BRDA:48,1,0,-
DA:49,0
DA:51,17
DA:52,17
DA:53,17
DA:57,0
FN:57,HelperConfig.setNetworkConfig
FNDA:0,HelperConfig.setNetworkConfig
DA:59,0
DA:60,0
DA:61,0
BRDA:61,2,0,-
DA:62,0
DA:64,0
BRDA:64,3,0,-
DA:65,0
DA:66,0
DA:69,0
DA:70,0
DA:71,0
DA:75,17
FN:75,HelperConfig.getActiveNetworkConfig
FNDA:17,HelperConfig.getActiveNetworkConfig
DA:76,17
BRDA:76,4,0,-
DA:77,0
DA:79,17
BRDA:79,5,0,-
DA:80,0
DA:82,17
BRDA:82,6,0,17
DA:83,17
DA:86,0
DA:89,0
FN:89,HelperConfig.getNetworkName
FNDA:0,HelperConfig.getNetworkName
DA:90,0
BRDA:90,7,0,-
BRDA:90,7,1,-
DA:91,0
DA:92,0
BRDA:92,8,0,-
BRDA:92,8,1,-
DA:93,0
DA:94,0
BRDA:94,9,0,-
BRDA:94,9,1,-
DA:95,0
DA:97,0
DA:101,0
FN:101,HelperConfig.getCurrentNetworkInfo
FNDA:0,HelperConfig.getCurrentNetworkInfo
DA:102,0
DA:105,0
FN:105,HelperConfig.isMainnet
FNDA:0,HelperConfig.isMainnet
DA:106,0
FNF:7
FNH:2
LF:40
LH:10
BRF:13
BRH:1
end_of_record
TN:
SF:src/SelfToken.sol
DA:48,18
FN:48,SelfmadeToken.constructor
FNDA:18,SelfmadeToken.constructor
DA:49,18
DA:51,18
DA:52,18
DA:53,18
DA:56,0
FN:56,SelfmadeToken.onlyOwner
FNDA:0,SelfmadeToken.onlyOwner
DA:57,0
BRDA:57,0,0,-
DA:58,0
DA:63,12
FN:63,SelfmadeToken.balanceOf
FNDA:12,SelfmadeToken.balanceOf
DA:64,12
DA:69,3
FN:69,SelfmadeToken.allowance
FNDA:3,SelfmadeToken.allowance
DA:70,3
DA:77,3
FN:77,SelfmadeToken.transfer
FNDA:3,SelfmadeToken.transfer
DA:80,3
BRDA:80,1,0,1
DA:81,1
DA:83,2
DA:84,2
DA:85,2
DA:86,2
DA:91,6
FN:91,SelfmadeToken.approve
FNDA:6,SelfmadeToken.approve
DA:92,6
BRDA:92,2,0,1
DA:93,1
DA:95,5
DA:96,5
DA:97,5
DA:101,3
FN:101,SelfmadeToken.safeApprove
FNDA:3,SelfmadeToken.safeApprove
DA:102,3
BRDA:102,3,0,1
DA:103,1
DA:105,2
DA:106,2
DA:107,2
DA:111,0
FN:111,SelfmadeToken.transferFrom
FNDA:0,SelfmadeToken.transferFrom
DA:112,0
BRDA:112,4,0,-
DA:113,0
DA:115,0
BRDA:115,5,0,-
DA:116,0
DA:118,0
DA:119,0
DA:120,0
DA:121,0
DA:122,0
DA:126,0
FN:126,SelfmadeToken.increaseAllowance
FNDA:0,SelfmadeToken.increaseAllowance
DA:127,0
DA:128,0
DA:129,0
DA:133,0
FN:133,SelfmadeToken.decreaseAllowance
FNDA:0,SelfmadeToken.decreaseAllowance
DA:134,0
DA:135,0
BRDA:135,6,0,-
DA:136,0
DA:138,0
DA:139,0
DA:140,0
DA:143,0
FN:143,SelfmadeToken.mint
FNDA:0,SelfmadeToken.mint
DA:144,0
BRDA:144,7,0,-
DA:145,0
DA:147,0
BRDA:147,8,0,-
DA:148,0
DA:150,0
DA:151,0
DA:152,0
DA:153,0
DA:156,0
FN:156,SelfmadeToken.burn
FNDA:0,SelfmadeToken.burn
DA:157,0
BRDA:157,9,0,-
DA:158,0
DA:160,0
BRDA:160,10,0,-
DA:161,0
DA:163,0
DA:164,0
DA:165,0
DA:166,0
FNF:12
FNH:6
LF:70
LH:28
BRF:11
BRH:3
end_of_record
